<?xml version="1.0" encoding="UTF-8"?>
<robot generator="Robot 5.0.1 (Python 3.11.0 on win32)" generated="20221228 20:33:06.813" rpa="false" schemaversion="3">
<suite id="s1" name="Rohitdhetty" source="C:\Users\soura\OneDrive\Desktop\Python Code\Robot\rohitdhetty.robot">
<test id="s1-t1" name=" Login_Test" line="11">
<kw name="Open Browser" library="RPA.Browser.Selenium">
<arg>${url}</arg>
<arg>${browser}</arg>
<doc>Opens a new browser instance to the optional ``url``.</doc>
<msg timestamp="20221228 20:33:07.417" level="INFO">Opening browser 'chrome' to base url 'https://rahulshettyacademy.com/dropdownsPractise/'.</msg>
<status status="PASS" starttime="20221228 20:33:07.417" endtime="20221228 20:33:34.260"/>
</kw>
<kw name="Maximize Browser Window" library="RPA.Browser.Selenium">
<doc>Maximizes current browser window.</doc>
<status status="PASS" starttime="20221228 20:33:34.262" endtime="20221228 20:33:34.439"/>
</kw>
<kw name="Login-To-Application">
<kw name="Sleep" library="BuiltIn">
<arg>3</arg>
<doc>Pauses the test executed for the given time.</doc>
<msg timestamp="20221228 20:33:37.441" level="INFO">Slept 3 seconds</msg>
<status status="PASS" starttime="20221228 20:33:34.440" endtime="20221228 20:33:37.441"/>
</kw>
<kw name="Get Title" library="RPA.Browser.Selenium">
<var>${title}</var>
<doc>Returns the title of the current page.</doc>
<msg timestamp="20221228 20:33:37.446" level="INFO">${title} = QAClickJet - Flight Booking for Domestic and International, Cheap Air Tickets</msg>
<status status="PASS" starttime="20221228 20:33:37.441" endtime="20221228 20:33:37.446"/>
</kw>
<kw name="Log To Console" library="BuiltIn">
<arg>${title}</arg>
<doc>Logs the given message to the console.</doc>
<status status="PASS" starttime="20221228 20:33:37.446" endtime="20221228 20:33:37.447"/>
</kw>
<kw name="Click Element" library="RPA.Browser.Selenium">
<arg>xpath://input[@id='ctl00_mainContent_rbtnl_Trip_1']</arg>
<doc>Click the element identified by ``locator``.</doc>
<msg timestamp="20221228 20:33:37.448" level="INFO">Clicking element 'xpath://input[@id='ctl00_mainContent_rbtnl_Trip_1']'.</msg>
<status status="PASS" starttime="20221228 20:33:37.447" endtime="20221228 20:33:37.530"/>
</kw>
<kw name="Sleep" library="BuiltIn">
<arg>3</arg>
<doc>Pauses the test executed for the given time.</doc>
<msg timestamp="20221228 20:33:40.531" level="INFO">Slept 3 seconds</msg>
<status status="PASS" starttime="20221228 20:33:37.530" endtime="20221228 20:33:40.532"/>
</kw>
<kw name="Click Element" library="RPA.Browser.Selenium">
<arg>xpath://input[@id='ctl00_mainContent_chk_friendsandfamily']</arg>
<doc>Click the element identified by ``locator``.</doc>
<msg timestamp="20221228 20:33:40.532" level="INFO">Clicking element 'xpath://input[@id='ctl00_mainContent_chk_friendsandfamily']'.</msg>
<status status="PASS" starttime="20221228 20:33:40.532" endtime="20221228 20:33:40.598"/>
</kw>
<kw name="Sleep" library="BuiltIn">
<arg>3</arg>
<doc>Pauses the test executed for the given time.</doc>
<msg timestamp="20221228 20:33:43.598" level="INFO">Slept 3 seconds</msg>
<status status="PASS" starttime="20221228 20:33:40.598" endtime="20221228 20:33:43.598"/>
</kw>
<kw name="Click Element" library="RPA.Browser.Selenium">
<arg>xpath://select[@id='ctl00_mainContent_DropDownListCurrency']</arg>
<doc>Click the element identified by ``locator``.</doc>
<msg timestamp="20221228 20:33:43.599" level="INFO">Clicking element 'xpath://select[@id='ctl00_mainContent_DropDownListCurrency']'.</msg>
<status status="PASS" starttime="20221228 20:33:43.598" endtime="20221228 20:33:43.690"/>
</kw>
<kw name="Sleep" library="BuiltIn">
<arg>3</arg>
<doc>Pauses the test executed for the given time.</doc>
<msg timestamp="20221228 20:33:46.691" level="INFO">Slept 3 seconds</msg>
<status status="PASS" starttime="20221228 20:33:43.690" endtime="20221228 20:33:46.691"/>
</kw>
<status status="PASS" starttime="20221228 20:33:34.439" endtime="20221228 20:33:46.691"/>
</kw>
<status status="PASS" starttime="20221228 20:33:07.414" endtime="20221228 20:33:46.691"/>
</test>
<status status="PASS" starttime="20221228 20:33:06.815" endtime="20221228 20:33:46.693"/>
</suite>
<statistics>
<total>
<stat pass="1" fail="0" skip="0">All Tests</stat>
</total>
<tag>
</tag>
<suite>
<stat pass="1" fail="0" skip="0" id="s1" name="Rohitdhetty">Rohitdhetty</stat>
</suite>
</statistics>
<errors>
</errors>
</robot>
