<?xml version="1.0" encoding="UTF-8"?>
<robot generator="Robot 5.0.1 (Python 3.11.0 on win32)" generated="20221229 10:30:27.003" rpa="false" schemaversion="3">
<suite id="s1" name="Rohitshetty" source="C:\Users\soura\OneDrive\Desktop\Python Code\rohitshetty\Rohitshetty.robot">
<test id="s1-t1" name=" Login_Test" line="12">
<kw name="Open Browser" library="RPA.Browser.Selenium">
<arg>${url}</arg>
<arg>${browser}</arg>
<doc>Opens a new browser instance to the optional ``url``.</doc>
<msg timestamp="20221229 10:30:27.544" level="INFO">Opening browser 'chrome' to base url 'https://rahulshettyacademy.com/dropdownsPractise/'.</msg>
<status status="PASS" starttime="20221229 10:30:27.544" endtime="20221229 10:30:30.394"/>
</kw>
<kw name="Maximize Browser Window" library="RPA.Browser.Selenium">
<doc>Maximizes current browser window.</doc>
<status status="PASS" starttime="20221229 10:30:30.394" endtime="20221229 10:30:30.518"/>
</kw>
<kw name="Login-To-Application">
<kw name="Sleep" library="BuiltIn">
<arg>3</arg>
<doc>Pauses the test executed for the given time.</doc>
<msg timestamp="20221229 10:30:33.521" level="INFO">Slept 3 seconds</msg>
<status status="PASS" starttime="20221229 10:30:30.520" endtime="20221229 10:30:33.521"/>
</kw>
<kw name="Get Title" library="RPA.Browser.Selenium">
<var>${title}</var>
<doc>Returns the title of the current page.</doc>
<msg timestamp="20221229 10:30:33.524" level="INFO">${title} = QAClickJet - Flight Booking for Domestic and International, Cheap Air Tickets</msg>
<status status="PASS" starttime="20221229 10:30:33.521" endtime="20221229 10:30:33.524"/>
</kw>
<kw name="Log To Console" library="BuiltIn">
<arg>${title}</arg>
<doc>Logs the given message to the console.</doc>
<status status="PASS" starttime="20221229 10:30:33.524" endtime="20221229 10:30:33.525"/>
</kw>
<kw name="Click Element" library="RPA.Browser.Selenium">
<arg>xpath://input[@id='ctl00_mainContent_rbtnl_Trip_1']</arg>
<doc>Click the element identified by ``locator``.</doc>
<msg timestamp="20221229 10:30:33.525" level="INFO">Clicking element 'xpath://input[@id='ctl00_mainContent_rbtnl_Trip_1']'.</msg>
<status status="PASS" starttime="20221229 10:30:33.525" endtime="20221229 10:30:33.580"/>
</kw>
<kw name="Sleep" library="BuiltIn">
<arg>3</arg>
<doc>Pauses the test executed for the given time.</doc>
<msg timestamp="20221229 10:30:36.582" level="INFO">Slept 3 seconds</msg>
<status status="PASS" starttime="20221229 10:30:33.581" endtime="20221229 10:30:36.582"/>
</kw>
<kw name="Click Element" library="RPA.Browser.Selenium">
<arg>xpath://input[@id='ctl00_mainContent_chk_friendsandfamily']</arg>
<doc>Click the element identified by ``locator``.</doc>
<msg timestamp="20221229 10:30:36.582" level="INFO">Clicking element 'xpath://input[@id='ctl00_mainContent_chk_friendsandfamily']'.</msg>
<status status="PASS" starttime="20221229 10:30:36.582" endtime="20221229 10:30:36.627"/>
</kw>
<kw name="Sleep" library="BuiltIn">
<arg>3</arg>
<doc>Pauses the test executed for the given time.</doc>
<msg timestamp="20221229 10:30:39.627" level="INFO">Slept 3 seconds</msg>
<status status="PASS" starttime="20221229 10:30:36.627" endtime="20221229 10:30:39.627"/>
</kw>
<kw name="Select From List By Label" library="RPA.Browser.Selenium">
<arg>ctl00_mainContent_DropDownListCurrency</arg>
<arg>USD</arg>
<doc>Selects options from selection list ``locator`` by ``labels``.</doc>
<msg timestamp="20221229 10:30:39.627" level="INFO">Selecting options from selection list 'ctl00_mainContent_DropDownListCurrency' by label USD.</msg>
<status status="PASS" starttime="20221229 10:30:39.627" endtime="20221229 10:30:39.684"/>
</kw>
<kw name="Sleep" library="BuiltIn">
<arg>3</arg>
<doc>Pauses the test executed for the given time.</doc>
<msg timestamp="20221229 10:30:42.684" level="INFO">Slept 3 seconds</msg>
<status status="PASS" starttime="20221229 10:30:39.684" endtime="20221229 10:30:42.684"/>
</kw>
<status status="PASS" starttime="20221229 10:30:30.519" endtime="20221229 10:30:42.684"/>
</kw>
<status status="PASS" starttime="20221229 10:30:27.543" endtime="20221229 10:30:42.684"/>
</test>
<status status="PASS" starttime="20221229 10:30:27.005" endtime="20221229 10:30:42.685"/>
</suite>
<statistics>
<total>
<stat pass="1" fail="0" skip="0">All Tests</stat>
</total>
<tag>
</tag>
<suite>
<stat pass="1" fail="0" skip="0" id="s1" name="Rohitshetty">Rohitshetty</stat>
</suite>
</statistics>
<errors>
</errors>
</robot>
